# JRE version: OpenJDK Runtime Environment (14.0.2+12) (build 14.0.2+12-46)
# Java VM: OpenJDK 64-Bit Server VM (14.0.2+12-46, mixed mode, tiered, compressed oops, g1 gc, windows-amd64)
Heap:
 garbage-first heap   total 79872K, used 19189K [0x0000000081200000, 0x0000000100000000)
  region size 1024K, 15 young (15360K), 2 survivors (2048K)
 Metaspace       used 31412K, capacity 32101K, committed 32256K, reserved 1077248K
  class space    used 3731K, capacity 3993K, committed 4096K, reserved 1048576K
GC Heap History (16 events):
Event: 0.690 GC heap before
{Heap before GC invocations=0 (full 0):
 garbage-first heap   total 131072K, used 12288K [0x0000000081200000, 0x0000000100000000)
  region size 1024K, 13 young (13312K), 0 survivors (0K)
 Metaspace       used 10532K, capacity 10693K, committed 10880K, reserved 1058816K
  class space    used 1001K, capacity 1055K, committed 1152K, reserved 1048576K
}
Event: 0.695 GC heap after
{Heap after GC invocations=1 (full 0):
 garbage-first heap   total 131072K, used 3579K [0x0000000081200000, 0x0000000100000000)
  region size 1024K, 2 young (2048K), 2 survivors (2048K)
 Metaspace       used 10532K, capacity 10693K, committed 10880K, reserved 1058816K
  class space    used 1001K, capacity 1055K, committed 1152K, reserved 1048576K
}
Event: 0.927 GC heap before
{Heap before GC invocations=1 (full 0):
 garbage-first heap   total 131072K, used 16891K [0x0000000081200000, 0x0000000100000000)
  region size 1024K, 15 young (15360K), 2 survivors (2048K)
 Metaspace       used 15236K, capacity 15491K, committed 15744K, reserved 1062912K
  class space    used 1563K, capacity 1661K, committed 1664K, reserved 1048576K
}
Event: 0.931 GC heap after
{Heap after GC invocations=2 (full 0):
 garbage-first heap   total 131072K, used 4618K [0x0000000081200000, 0x0000000100000000)
  region size 1024K, 1 young (1024K), 1 survivors (1024K)
 Metaspace       used 15236K, capacity 15491K, committed 15744K, reserved 1062912K
  class space    used 1563K, capacity 1661K, committed 1664K, reserved 1048576K
}
Event: 1.260 GC heap before
{Heap before GC invocations=2 (full 0):
 garbage-first heap   total 131072K, used 29194K [0x0000000081200000, 0x0000000100000000)
  region size 1024K, 25 young (25600K), 1 survivors (1024K)
 Metaspace       used 20116K, capacity 20527K, committed 20736K, reserved 1067008K
  class space    used 2302K, capacity 2447K, committed 2560K, reserved 1048576K
}
Event: 1.262 GC heap after
{Heap after GC invocations=3 (full 0):
 garbage-first heap   total 131072K, used 5691K [0x0000000081200000, 0x0000000100000000)
  region size 1024K, 3 young (3072K), 3 survivors (3072K)
 Metaspace       used 20116K, capacity 20527K, committed 20736K, reserved 1067008K
  class space    used 2302K, capacity 2447K, committed 2560K, reserved 1048576K
}
Event: 1.297 GC heap before
{Heap before GC invocations=3 (full 0):
 garbage-first heap   total 131072K, used 8763K [0x0000000081200000, 0x0000000100000000)
  region size 1024K, 7 young (7168K), 3 survivors (3072K)
 Metaspace       used 20774K, capacity 21177K, committed 21248K, reserved 1069056K
  class space    used 2361K, capacity 2514K, committed 2560K, reserved 1048576K
}
Event: 1.299 GC heap after
{Heap after GC invocations=4 (full 0):
 garbage-first heap   total 131072K, used 5811K [0x0000000081200000, 0x0000000100000000)
  region size 1024K, 3 young (3072K), 3 survivors (3072K)
 Metaspace       used 20774K, capacity 21177K, committed 21248K, reserved 1069056K
  class space    used 2361K, capacity 2514K, committed 2560K, reserved 1048576K
}
Event: 1.464 GC heap before
{Heap before GC invocations=5 (full 0):
 garbage-first heap   total 27648K, used 19123K [0x0000000081200000, 0x0000000100000000)
  region size 1024K, 16 young (16384K), 3 survivors (3072K)
 Metaspace       used 23742K, capacity 24211K, committed 24448K, reserved 1071104K
  class space    used 2719K, capacity 2864K, committed 2944K, reserved 1048576K
}
Event: 1.467 GC heap after
{Heap after GC invocations=6 (full 0):
 garbage-first heap   total 27648K, used 6185K [0x0000000081200000, 0x0000000100000000)
  region size 1024K, 1 young (1024K), 1 survivors (1024K)
 Metaspace       used 23742K, capacity 24211K, committed 24448K, reserved 1071104K
  class space    used 2719K, capacity 2864K, committed 2944K, reserved 1048576K
}
Event: 1.609 GC heap before
{Heap before GC invocations=6 (full 0):
 garbage-first heap   total 27648K, used 17449K [0x0000000081200000, 0x0000000100000000)
  region size 1024K, 13 young (13312K), 1 survivors (1024K)
 Metaspace       used 25665K, capacity 26166K, committed 26240K, reserved 1073152K
  class space    used 2980K, capacity 3179K, committed 3200K, reserved 1048576K
}
Event: 1.611 GC heap after
{Heap after GC invocations=7 (full 0):
 garbage-first heap   total 27648K, used 6704K [0x0000000081200000, 0x0000000100000000)
  region size 1024K, 2 young (2048K), 2 survivors (2048K)
 Metaspace       used 25665K, capacity 26166K, committed 26240K, reserved 1073152K
  class space    used 2980K, capacity 3179K, committed 3200K, reserved 1048576K
}
Event: 1.872 GC heap before
{Heap before GC invocations=7 (full 0):
 garbage-first heap   total 27648K, used 17968K [0x0000000081200000, 0x0000000100000000)
  region size 1024K, 14 young (14336K), 2 survivors (2048K)
 Metaspace       used 26460K, capacity 26969K, committed 27136K, reserved 1073152K
  class space    used 3066K, capacity 3271K, committed 3328K, reserved 1048576K
}
Event: 1.876 GC heap after
{Heap after GC invocations=8 (full 0):
 garbage-first heap   total 27648K, used 7354K [0x0000000081200000, 0x0000000100000000)
  region size 1024K, 2 young (2048K), 2 survivors (2048K)
 Metaspace       used 26460K, capacity 26969K, committed 27136K, reserved 1073152K
  class space    used 3066K, capacity 3271K, committed 3328K, reserved 1048576K
}
Event: 2.223 GC heap before
{Heap before GC invocations=8 (full 0):
 garbage-first heap   total 27648K, used 19642K [0x0000000081200000, 0x0000000100000000)
  region size 1024K, 14 young (14336K), 2 survivors (2048K)
 Metaspace       used 28592K, capacity 29116K, committed 29184K, reserved 1075200K
  class space    used 3334K, capacity 3554K, committed 3584K, reserved 1048576K
}
Event: 2.228 GC heap after
{Heap after GC invocations=9 (full 0):
 garbage-first heap   total 79872K, used 7925K [0x0000000081200000, 0x0000000100000000)
  region size 1024K, 2 young (2048K), 2 survivors (2048K)
 Metaspace       used 28592K, capacity 29116K, committed 29184K, reserved 1075200K
  class space    used 3334K, capacity 3554K, committed 3584K, reserved 1048576K
}

